# JRE version: Java(TM) SE Runtime Environment (8.0_161-b12) (build 1.8.0_161-b12)
# Java VM: Java HotSpot(TM) Client VM (25.161-b12 mixed mode windows-x86 )
Heap:
 def new generation   total 43136K, used 19531K [0x05000000, 0x07ec0000, 0x0a550000)
  eden space 38400K,  43% used [0x05000000, 0x0602b8a0, 0x07580000)
  from space 4736K,  62% used [0x07a20000, 0x07d07748, 0x07ec0000)
  to   space 4736K,   0% used [0x07580000, 0x07580000, 0x07a20000)
 tenured generation   total 95712K, used 67763K [0x0a550000, 0x102c8000, 0x15000000)
   the space 95712K,  70% used [0x0a550000, 0x0e77cca0, 0x0e77ce00, 0x102c8000)
 Metaspace       used 47102K, capacity 47835K, committed 48000K, reserved 48512K
GC Heap History (10 events):
Event: 596.113 GC heap before
{Heap before GC invocations=219 (full 11):
 def new generation   total 43136K, used 40544K [0x05000000, 0x07ec0000, 0x0a550000)
  eden space 38400K, 100% used [0x05000000, 0x07580000, 0x07580000)
  from space 4736K,  45% used [0x07580000, 0x077980e0, 0x07a20000)
  to   space 4736K,   0% used [0x07a20000, 0x07a20000, 0x07ec0000)
 tenured generation   total 95712K, used 59179K [0x0a550000, 0x102c8000, 0x15000000)
   the space 95712K,  61% used [0x0a550000, 0x0df1ad18, 0x0df1ae00, 0x102c8000)
 Metaspace       used 46643K, capacity 47324K, committed 47616K, reserved 48512K
Event: 596.134 GC heap after
Heap after GC invocations=220 (full 11):
 def new generation   total 43136K, used 4736K [0x05000000, 0x07ec0000, 0x0a550000)
  eden space 38400K,   0% used [0x05000000, 0x05000000, 0x07580000)
  from space 4736K, 100% used [0x07a20000, 0x07ec0000, 0x07ec0000)
  to   space 4736K,   0% used [0x07580000, 0x07580000, 0x07a20000)
 tenured generation   total 95712K, used 59608K [0x0a550000, 0x102c8000, 0x15000000)
   the space 95712K,  62% used [0x0a550000, 0x0df863c8, 0x0df86400, 0x102c8000)
 Metaspace       used 46643K, capacity 47324K, committed 47616K, reserved 48512K
}
Event: 596.971 GC heap before
{Heap before GC invocations=220 (full 11):
 def new generation   total 43136K, used 43136K [0x05000000, 0x07ec0000, 0x0a550000)
  eden space 38400K, 100% used [0x05000000, 0x07580000, 0x07580000)
  from space 4736K, 100% used [0x07a20000, 0x07ec0000, 0x07ec0000)
  to   space 4736K,   0% used [0x07580000, 0x07580000, 0x07a20000)
 tenured generation   total 95712K, used 59608K [0x0a550000, 0x102c8000, 0x15000000)
   the space 95712K,  62% used [0x0a550000, 0x0df863c8, 0x0df86400, 0x102c8000)
 Metaspace       used 46825K, capacity 47506K, committed 47744K, reserved 48512K
Event: 596.996 GC heap after
Heap after GC invocations=221 (full 11):
 def new generation   total 43136K, used 2277K [0x05000000, 0x07ec0000, 0x0a550000)
  eden space 38400K,   0% used [0x05000000, 0x05000000, 0x07580000)
  from space 4736K,  48% used [0x07580000, 0x077b94a8, 0x07a20000)
  to   space 4736K,   0% used [0x07a20000, 0x07a20000, 0x07ec0000)
 tenured generation   total 95712K, used 64189K [0x0a550000, 0x102c8000, 0x15000000)
   the space 95712K,  67% used [0x0a550000, 0x0e3ff5d0, 0x0e3ff600, 0x102c8000)
 Metaspace       used 46825K, capacity 47506K, committed 47744K, reserved 48512K
}
Event: 597.467 GC heap before
{Heap before GC invocations=221 (full 11):
 def new generation   total 43136K, used 40677K [0x05000000, 0x07ec0000, 0x0a550000)
  eden space 38400K, 100% used [0x05000000, 0x07580000, 0x07580000)
  from space 4736K,  48% used [0x07580000, 0x077b94a8, 0x07a20000)
  to   space 4736K,   0% used [0x07a20000, 0x07a20000, 0x07ec0000)
 tenured generation   total 95712K, used 64189K [0x0a550000, 0x102c8000, 0x15000000)
   the space 95712K,  67% used [0x0a550000, 0x0e3ff5d0, 0x0e3ff600, 0x102c8000)
 Metaspace       used 47010K, capacity 47708K, committed 48000K, reserved 48512K
Event: 597.482 GC heap after
Heap after GC invocations=222 (full 11):
 def new generation   total 43136K, used 4071K [0x05000000, 0x07ec0000, 0x0a550000)
  eden space 38400K,   0% used [0x05000000, 0x05000000, 0x07580000)
  from space 4736K,  85% used [0x07a20000, 0x07e19f00, 0x07ec0000)
  to   space 4736K,   0% used [0x07580000, 0x07580000, 0x07a20000)
 tenured generation   total 95712K, used 64189K [0x0a550000, 0x102c8000, 0x15000000)
   the space 95712K,  67% used [0x0a550000, 0x0e3ff5d0, 0x0e3ff600, 0x102c8000)
 Metaspace       used 47010K, capacity 47708K, committed 48000K, reserved 48512K
}
Event: 598.024 GC heap before
{Heap before GC invocations=222 (full 11):
 def new generation   total 43136K, used 42471K [0x05000000, 0x07ec0000, 0x0a550000)
  eden space 38400K, 100% used [0x05000000, 0x07580000, 0x07580000)
  from space 4736K,  85% used [0x07a20000, 0x07e19f00, 0x07ec0000)
  to   space 4736K,   0% used [0x07580000, 0x07580000, 0x07a20000)
 tenured generation   total 95712K, used 64189K [0x0a550000, 0x102c8000, 0x15000000)
   the space 95712K,  67% used [0x0a550000, 0x0e3ff5d0, 0x0e3ff600, 0x102c8000)
 Metaspace       used 47033K, capacity 47728K, committed 48000K, reserved 48512K
Event: 598.039 GC heap after
Heap after GC invocations=223 (full 11):
 def new generation   total 43136K, used 3140K [0x05000000, 0x07ec0000, 0x0a550000)
  eden space 38400K,   0% used [0x05000000, 0x05000000, 0x07580000)
  from space 4736K,  66% used [0x07580000, 0x078912f8, 0x07a20000)
  to   space 4736K,   0% used [0x07a20000, 0x07a20000, 0x07ec0000)
 tenured generation   total 95712K, used 66392K [0x0a550000, 0x102c8000, 0x15000000)
   the space 95712K,  69% used [0x0a550000, 0x0e626218, 0x0e626400, 0x102c8000)
 Metaspace       used 47033K, capacity 47728K, committed 48000K, reserved 48512K
}
Event: 604.296 GC heap before
{Heap before GC invocations=223 (full 11):
 def new generation   total 43136K, used 41540K [0x05000000, 0x07ec0000, 0x0a550000)
  eden space 38400K, 100% used [0x05000000, 0x07580000, 0x07580000)
  from space 4736K,  66% used [0x07580000, 0x078912f8, 0x07a20000)
  to   space 4736K,   0% used [0x07a20000, 0x07a20000, 0x07ec0000)
 tenured generation   total 95712K, used 66392K [0x0a550000, 0x102c8000, 0x15000000)
   the space 95712K,  69% used [0x0a550000, 0x0e626218, 0x0e626400, 0x102c8000)
 Metaspace       used 47051K, capacity 47761K, committed 48000K, reserved 48512K
Event: 604.313 GC heap after
Heap after GC invocations=224 (full 11):
 def new generation   total 43136K, used 2973K [0x05000000, 0x07ec0000, 0x0a550000)
  eden space 38400K,   0% used [0x05000000, 0x05000000, 0x07580000)
  from space 4736K,  62% used [0x07a20000, 0x07d07748, 0x07ec0000)
  to   space 4736K,   0% used [0x07580000, 0x07580000, 0x07a20000)
 tenured generation   total 95712K, used 67763K [0x0a550000, 0x102c8000, 0x15000000)
   the space 95712K,  70% used [0x0a550000, 0x0e77cca0, 0x0e77ce00, 0x102c8000)
 Metaspace       used 47051K, capacity 47761K, committed 48000K, reserved 48512K
}

